<?xml version="1.0" encoding="UTF-8"?>
<!-- Generated by org.testng.reporters.JUnitXMLReporter -->
<testsuite ignored="2" hostname="DESKTOP-AU8IJA9" failures="0" tests="1" name="Default test" time="12.069" errors="0" timestamp="2021-01-29T21:19:39 IST">
  <testcase classname="Tests.FirstTest" name="ValidateEmailIdOnCommentsTest" time="10.939"/>
  <testcase classname="Tests.FirstTest" name="GetAllPostsByAUser" time="0.0">
    <ignored/>
  </testcase> <!-- GetAllPostsByAUser -->
  <testcase classname="Tests.FirstTest" name="ValidateEmail" time="0.0">
    <ignored/>
  </testcase> <!-- ValidateEmail -->
</testsuite> <!-- Default test -->
