<?xml version="1.0" encoding="UTF-8"?>
<!-- Generated by org.testng.reporters.JUnitXMLReporter -->
<testsuite ignored="1" hostname="DESKTOP-AU8IJA9" failures="0" tests="1" name="Default test" time="10.001" errors="0" timestamp="2021-01-31T18:16:24 IST">
  <testcase classname="Tests.FirstTest" name="ValidateEmailIdOnCommentsTest" time="7.994"/>
  <testcase classname="Tests.FirstTest" name="ValidatePhotosAreNotCorrupted" time="0.0">
    <ignored/>
  </testcase> <!-- ValidatePhotosAreNotCorrupted -->
</testsuite> <!-- Default test -->
