# JRE version: Java(TM) SE Runtime Environment (15.0.2+7) (build 15.0.2+7-27)
# Java VM: Java HotSpot(TM) 64-Bit Server VM (15.0.2+7-27, mixed mode, sharing, tiered, compressed oops, g1 gc, windows-amd64)
GC Precious Log:
 CPUs: 4 total, 4 available
 Memory: 7946M
 Large Page Support: Disabled
 NUMA Support: Disabled
 Compressed Oops: Enabled (32-bit)
 Heap Region Size: 1M
 Heap Min Capacity: 8M
 Heap Initial Capacity: 126M
 Heap Max Capacity: 1988M
 Pre-touch: Disabled
 Parallel Workers: 4
 Concurrent Workers: 1
 Concurrent Refinement Workers: 4
 Periodic GC: Disabled
Heap:
 garbage-first heap   total 65536K, used 49656K [0x0000000083c00000, 0x0000000100000000)
  region size 1024K, 36 young (36864K), 4 survivors (4096K)
 Metaspace       used 27990K, capacity 28816K, committed 28924K, reserved 1075200K
  class space    used 3169K, capacity 3559K, committed 3584K, reserved 1048576K
GC Heap History (10 events):
Event: 0.674 GC heap before
{Heap before GC invocations=0 (full 0):
 garbage-first heap   total 129024K, used 12288K [0x0000000083c00000, 0x0000000100000000)
  region size 1024K, 13 young (13312K), 0 survivors (0K)
 Metaspace       used 2829K, capacity 5370K, committed 5376K, reserved 1056768K
  class space    used 294K, capacity 510K, committed 512K, reserved 1048576K
}
Event: 0.678 GC heap after
{Heap after GC invocations=1 (full 0):
 garbage-first heap   total 129024K, used 3535K [0x0000000083c00000, 0x0000000100000000)
  region size 1024K, 2 young (2048K), 2 survivors (2048K)
 Metaspace       used 2829K, capacity 5370K, committed 5376K, reserved 1056768K
  class space    used 294K, capacity 510K, committed 512K, reserved 1048576K
}
Event: 1.190 GC heap before
{Heap before GC invocations=1 (full 0):
 garbage-first heap   total 129024K, used 16847K [0x0000000083c00000, 0x0000000100000000)
  region size 1024K, 15 young (15360K), 2 survivors (2048K)
 Metaspace       used 7747K, capacity 7982K, committed 8064K, reserved 1056768K
  class space    used 823K, capacity 893K, committed 896K, reserved 1048576K
}
Event: 1.193 GC heap after
{Heap after GC invocations=2 (full 0):
 garbage-first heap   total 129024K, used 4570K [0x0000000083c00000, 0x0000000100000000)
  region size 1024K, 1 young (1024K), 1 survivors (1024K)
 Metaspace       used 7747K, capacity 7982K, committed 8064K, reserved 1056768K
  class space    used 823K, capacity 893K, committed 896K, reserved 1048576K
}
Event: 1.652 GC heap before
{Heap before GC invocations=2 (full 0):
 garbage-first heap   total 129024K, used 27098K [0x0000000083c00000, 0x0000000100000000)
  region size 1024K, 24 young (24576K), 1 survivors (1024K)
 Metaspace       used 11137K, capacity 11349K, committed 11520K, reserved 1058816K
  class space    used 1191K, capacity 1265K, committed 1280K, reserved 1048576K
}
Event: 1.656 GC heap after
{Heap after GC invocations=3 (full 0):
 garbage-first heap   total 129024K, used 7655K [0x0000000083c00000, 0x0000000100000000)
  region size 1024K, 3 young (3072K), 3 survivors (3072K)
 Metaspace       used 11137K, capacity 11349K, committed 11520K, reserved 1058816K
  class space    used 1191K, capacity 1265K, committed 1280K, reserved 1048576K
}
Event: 2.710 GC heap before
{Heap before GC invocations=3 (full 0):
 garbage-first heap   total 129024K, used 67047K [0x0000000083c00000, 0x0000000100000000)
  region size 1024K, 59 young (60416K), 3 survivors (3072K)
 Metaspace       used 16390K, capacity 16981K, committed 17152K, reserved 1064960K
  class space    used 1767K, capacity 2021K, committed 2048K, reserved 1048576K
}
Event: 2.719 GC heap after
{Heap after GC invocations=4 (full 0):
 garbage-first heap   total 129024K, used 13777K [0x0000000083c00000, 0x0000000100000000)
  region size 1024K, 8 young (8192K), 8 survivors (8192K)
 Metaspace       used 16390K, capacity 16981K, committed 17152K, reserved 1064960K
  class space    used 1767K, capacity 2021K, committed 2048K, reserved 1048576K
}
Event: 3.341 GC heap before
{Heap before GC invocations=4 (full 0):
 garbage-first heap   total 129024K, used 37329K [0x0000000083c00000, 0x0000000100000000)
  region size 1024K, 32 young (32768K), 8 survivors (8192K)
 Metaspace       used 20276K, capacity 21005K, committed 21248K, reserved 1069056K
  class space    used 2248K, capacity 2554K, committed 2560K, reserved 1048576K
}
Event: 3.371 GC heap after
{Heap after GC invocations=5 (full 0):
 garbage-first heap   total 129024K, used 17912K [0x0000000083c00000, 0x0000000100000000)
  region size 1024K, 4 young (4096K), 4 survivors (4096K)
 Metaspace       used 20276K, capacity 21005K, committed 21248K, reserved 1069056K
  class space    used 2248K, capacity 2554K, committed 2560K, reserved 1048576K
}

