<?xml version="1.0" encoding="UTF-8"?>
<testng-results ignored="1" total="2" passed="1" failed="0" skipped="0">
  <reporter-output>
  </reporter-output>
  <suite started-at="2021-01-31T18:16:14 IST" name="Default suite" finished-at="2021-01-31T18:16:24 IST" duration-ms="10001">
    <groups>
    </groups>
    <test started-at="2021-01-31T18:16:14 IST" name="Default test" finished-at="2021-01-31T18:16:24 IST" duration-ms="10001">
      <class name="Tests.FirstTest">
        <test-method is-config="true" signature="beforeClass()[pri:0, instance:Tests.FirstTest@4c178a76]" started-at="2021-01-31T18:16:14 IST" name="beforeClass" finished-at="2021-01-31T18:16:16 IST" duration-ms="1738" status="PASS">
          <reporter-output>
          </reporter-output>
        </test-method> <!-- beforeClass -->
        <test-method is-config="true" signature="beforeMethod(java.lang.reflect.Method)[pri:0, instance:Tests.FirstTest@4c178a76]" started-at="2021-01-31T18:16:16 IST" name="beforeMethod" finished-at="2021-01-31T18:16:16 IST" duration-ms="6" status="PASS">
          <params>
            <param index="0">
              <value>
                <![CDATA[public void Tests.FirstTest.ValidateEmailIdOnCommentsTest()]]>
              </value>
            </param>
          </params>
          <reporter-output>
          </reporter-output>
        </test-method> <!-- beforeMethod -->
        <test-method signature="ValidateEmailIdOnCommentsTest()[pri:0, instance:Tests.FirstTest@4c178a76]" started-at="2021-01-31T18:16:16 IST" name="ValidateEmailIdOnCommentsTest" description="ValidateEmailIdOnCommentsTest" finished-at="2021-01-31T18:16:24 IST" duration-ms="7994" status="PASS">
          <reporter-output>
          </reporter-output>
        </test-method> <!-- ValidateEmailIdOnCommentsTest -->
        <test-method is-config="true" signature="endTest()[pri:0, instance:Tests.FirstTest@4c178a76]" started-at="2021-01-31T18:16:24 IST" name="endTest" finished-at="2021-01-31T18:16:24 IST" duration-ms="211" status="PASS">
          <reporter-output>
          </reporter-output>
        </test-method> <!-- endTest -->
      </class> <!-- Tests.FirstTest -->
    </test> <!-- Default test -->
  </suite> <!-- Default suite -->
</testng-results>
