<?xml version="1.0" encoding="UTF-8"?>
<testng-results ignored="0" total="2" passed="2" failed="0" skipped="0">
  <reporter-output>
  </reporter-output>
  <suite started-at="2021-02-01T12:02:08 IST" name="Suite" finished-at="2021-02-01T12:03:51 IST" duration-ms="103621">
    <groups>
    </groups>
    <test started-at="2021-02-01T12:02:08 IST" name="Test" finished-at="2021-02-01T12:03:51 IST" duration-ms="103621">
      <class name="Tests.FirstTest">
        <test-method is-config="true" signature="beforeClass()[pri:0, instance:Tests.FirstTest@acdb094]" started-at="2021-02-01T12:02:08 IST" name="beforeClass" finished-at="2021-02-01T12:02:09 IST" duration-ms="978" status="PASS">
          <reporter-output>
          </reporter-output>
        </test-method> <!-- beforeClass -->
        <test-method is-config="true" signature="beforeMethod(java.lang.reflect.Method)[pri:0, instance:Tests.FirstTest@acdb094]" started-at="2021-02-01T12:02:09 IST" name="beforeMethod" finished-at="2021-02-01T12:02:09 IST" duration-ms="7" status="PASS">
          <params>
            <param index="0">
              <value>
                <![CDATA[public void Tests.FirstTest.ValidateEmailIdOnCommentsTest()]]>
              </value>
            </param>
          </params>
          <reporter-output>
          </reporter-output>
        </test-method> <!-- beforeMethod -->
        <test-method signature="ValidateEmailIdOnCommentsTest()[pri:0, instance:Tests.FirstTest@acdb094]" started-at="2021-02-01T12:02:09 IST" name="ValidateEmailIdOnCommentsTest" description="ValidateEmailIdOnCommentsTest" finished-at="2021-02-01T12:02:17 IST" duration-ms="8654" status="PASS">
          <reporter-output>
          </reporter-output>
        </test-method> <!-- ValidateEmailIdOnCommentsTest -->
        <test-method is-config="true" signature="beforeMethod(java.lang.reflect.Method)[pri:0, instance:Tests.FirstTest@acdb094]" started-at="2021-02-01T12:02:17 IST" name="beforeMethod" finished-at="2021-02-01T12:02:17 IST" duration-ms="0" status="PASS">
          <params>
            <param index="0">
              <value>
                <![CDATA[public void Tests.FirstTest.ValidatePhotosAreNotCorrupted()]]>
              </value>
            </param>
          </params>
          <reporter-output>
          </reporter-output>
        </test-method> <!-- beforeMethod -->
        <test-method signature="ValidatePhotosAreNotCorrupted()[pri:0, instance:Tests.FirstTest@acdb094]" started-at="2021-02-01T12:02:17 IST" name="ValidatePhotosAreNotCorrupted" description="ValidatePhotosAreNotCorrupted" finished-at="2021-02-01T12:03:51 IST" duration-ms="93441" status="PASS">
          <reporter-output>
          </reporter-output>
        </test-method> <!-- ValidatePhotosAreNotCorrupted -->
        <test-method is-config="true" signature="afterClass()[pri:0, instance:Tests.FirstTest@acdb094]" started-at="2021-02-01T12:03:51 IST" name="afterClass" finished-at="2021-02-01T12:03:51 IST" duration-ms="493" status="PASS">
          <reporter-output>
          </reporter-output>
        </test-method> <!-- afterClass -->
      </class> <!-- Tests.FirstTest -->
    </test> <!-- Test -->
  </suite> <!-- Suite -->
</testng-results>
